Using pre-set license
Built from '2021.3/staging' branch; Version is '2021.3.16f1 (4016570cf34f) revision 4200023'; Using compiler version '192829333'; Build Type 'Release'
OS: 'Windows 10  (10.0.19044) 64bit Professional' Language: 'en' Physical Memory: 32716 MB
BatchMode: 1, IsHumanControllingUs: 0, StartBugReporterOnCrash: 0, Is64bit: 1, IsPro: 1

COMMAND LINE ARGUMENTS:
F:\Unity\Unity Editor\2021.3.16f1\Editor\Unity.exe
-adb2
-batchMode
-noUpm
-name
AssetImportWorker2
-projectPath
D:/3rd-Person-Shooter-main
-logFile
Logs/AssetImportWorker2.log
-srvPort
49766
Successfully changed project path to: D:/3rd-Person-Shooter-main
D:/3rd-Person-Shooter-main
[UnityMemory] Configuration Parameters - Can be set up in boot.config
    "memorysetup-bucket-allocator-granularity=16"
    "memorysetup-bucket-allocator-bucket-count=8"
    "memorysetup-bucket-allocator-block-size=33554432"
    "memorysetup-bucket-allocator-block-count=8"
    "memorysetup-main-allocator-block-size=16777216"
    "memorysetup-thread-allocator-block-size=16777216"
    "memorysetup-gfx-main-allocator-block-size=16777216"
    "memorysetup-gfx-thread-allocator-block-size=16777216"
    "memorysetup-cache-allocator-block-size=4194304"
    "memorysetup-typetree-allocator-block-size=2097152"
    "memorysetup-profiler-bucket-allocator-granularity=16"
    "memorysetup-profiler-bucket-allocator-bucket-count=8"
    "memorysetup-profiler-bucket-allocator-block-size=33554432"
    "memorysetup-profiler-bucket-allocator-block-count=8"
    "memorysetup-profiler-allocator-block-size=16777216"
    "memorysetup-profiler-editor-allocator-block-size=1048576"
    "memorysetup-temp-allocator-size-main=16777216"
    "memorysetup-job-temp-allocator-block-size=2097152"
    "memorysetup-job-temp-allocator-block-size-background=1048576"
    "memorysetup-job-temp-allocator-reduction-small-platforms=262144"
    "memorysetup-temp-allocator-size-background-worker=32768"
    "memorysetup-temp-allocator-size-job-worker=262144"
    "memorysetup-temp-allocator-size-preload-manager=33554432"
    "memorysetup-temp-allocator-size-nav-mesh-worker=65536"
    "memorysetup-temp-allocator-size-audio-worker=65536"
    "memorysetup-temp-allocator-size-cloud-worker=32768"
    "memorysetup-temp-allocator-size-gi-baking-worker=262144"
    "memorysetup-temp-allocator-size-gfx=262144"
Player connection [14108] Host "[IP] 192.168.0.207 [Port] 0 [Flags] 2 [Guid] 1552362968 [EditorId] 1552362968 [Version] 1048832 [Id] WindowsEditor(7,DESKTOP-O4QM1PO) [Debug] 1 [PackageName] WindowsEditor [ProjectName] Editor" joined multi-casting on [225.0.0.222:54997]...

Player connection [14108] Host "[IP] 192.168.0.207 [Port] 0 [Flags] 2 [Guid] 1552362968 [EditorId] 1552362968 [Version] 1048832 [Id] WindowsEditor(7,DESKTOP-O4QM1PO) [Debug] 1 [PackageName] WindowsEditor [ProjectName] Editor" joined alternative multi-casting on [225.0.0.222:34997]...

Refreshing native plugins compatible for Editor in 93.59 ms, found 3 plugins.
Preloading 0 native plugins for Editor in 0.00 ms.
Initialize engine version: 2021.3.16f1 (4016570cf34f)
[Subsystems] Discovering subsystems at path F:/Unity/Unity Editor/2021.3.16f1/Editor/Data/Resources/UnitySubsystems
[Subsystems] Discovering subsystems at path D:/3rd-Person-Shooter-main/Assets
GfxDevice: creating device client; threaded=0; jobified=0
Direct3D:
    Version:  Direct3D 11.0 [level 11.1]
    Renderer: AMD Radeon RX 5700 XT (ID=0x731f)
    Vendor:   ATI
    VRAM:     8151 MB
    Driver:   31.0.14043.1000
Initialize mono
Mono path[0] = 'F:/Unity/Unity Editor/2021.3.16f1/Editor/Data/Managed'
Mono path[1] = 'F:/Unity/Unity Editor/2021.3.16f1/Editor/Data/MonoBleedingEdge/lib/mono/unityjit-win32'
Mono config path = 'F:/Unity/Unity Editor/2021.3.16f1/Editor/Data/MonoBleedingEdge/etc'
Using monoOptions --debugger-agent=transport=dt_socket,embedding=1,server=y,suspend=n,address=127.0.0.1:56332
Begin MonoManager ReloadAssembly
Registering precompiled unity dll's ...
Register platform support module: F:/Unity/Unity Editor/2021.3.16f1/Editor/Data/PlaybackEngines/WebGLSupport/UnityEditor.WebGL.Extensions.dll
Register platform support module: F:/Unity/Unity Editor/2021.3.16f1/Editor/Data/PlaybackEngines/WindowsStandaloneSupport/UnityEditor.WindowsStandalone.Extensions.dll
Registered in 0.003074 seconds.
Native extension for WindowsStandalone target not found
Native extension for WebGL target not found
Refreshing native plugins compatible for Editor in 91.26 ms, found 3 plugins.
Preloading 0 native plugins for Editor in 0.00 ms.
Mono: successfully reloaded assembly
- Completed reload, in  0.604 seconds
Domain Reload Profiling:
	ReloadAssembly (605ms)
		BeginReloadAssembly (65ms)
			ExecutionOrderSort (0ms)
			DisableScriptedObjects (0ms)
			BackupInstance (0ms)
			ReleaseScriptingObjects (0ms)
			CreateAndSetChildDomain (1ms)
		EndReloadAssembly (449ms)
			LoadAssemblies (64ms)
			RebuildTransferFunctionScriptingTraits (0ms)
			SetupTypeCache (101ms)
			ReleaseScriptCaches (0ms)
			RebuildScriptCaches (29ms)
			SetupLoadedEditorAssemblies (275ms)
				LogAssemblyErrors (0ms)
				InitializePlatformSupportModulesInManaged (9ms)
				SetLoadedEditorAssemblies (0ms)
				RefreshPlugins (91ms)
				BeforeProcessingInitializeOnLoad (1ms)
				ProcessInitializeOnLoadAttributes (127ms)
				ProcessInitializeOnLoadMethodAttributes (46ms)
				AfterProcessingInitializeOnLoad (0ms)
				EditorAssembliesLoaded (0ms)
			ExecutionOrderSort2 (0ms)
			AwakeInstancesAfterBackupRestoration (0ms)
Platform modules already initialized, skipping
Registering precompiled user dll's ...
Registered in 0.003860 seconds.
Begin MonoManager ReloadAssembly
Symbol file LoadedFromMemory doesn't match image D:\3rd-Person-Shooter-main\Library\PackageCache\com.unity.visualscripting@1.7.8\Editor\VisualScripting.Core\Dependencies\YamlDotNet\Unity.VisualScripting.YamlDotNet.dll
Symbol file LoadedFromMemory doesn't match image D:\3rd-Person-Shooter-main\Library\PackageCache\com.unity.visualscripting@1.7.8\Editor\VisualScripting.Core\Dependencies\DotNetZip\Unity.VisualScripting.IonicZip.dll
Native extension for WindowsStandalone target not found
Native extension for WebGL target not found
Refreshing native plugins compatible for Editor in 91.83 ms, found 3 plugins.
Preloading 0 native plugins for Editor in 0.00 ms.
Mono: successfully reloaded assembly
- Completed reload, in  1.139 seconds
Domain Reload Profiling:
	ReloadAssembly (1139ms)
		BeginReloadAssembly (96ms)
			ExecutionOrderSort (0ms)
			DisableScriptedObjects (6ms)
			BackupInstance (0ms)
			ReleaseScriptingObjects (0ms)
			CreateAndSetChildDomain (17ms)
		EndReloadAssembly (947ms)
			LoadAssemblies (69ms)
			RebuildTransferFunctionScriptingTraits (0ms)
			SetupTypeCache (260ms)
			ReleaseScriptCaches (1ms)
			RebuildScriptCaches (63ms)
			SetupLoadedEditorAssemblies (519ms)
				LogAssemblyErrors (0ms)
				InitializePlatformSupportModulesInManaged (5ms)
				SetLoadedEditorAssemblies (0ms)
				RefreshPlugins (92ms)
				BeforeProcessingInitializeOnLoad (85ms)
				ProcessInitializeOnLoadAttributes (311ms)
				ProcessInitializeOnLoadMethodAttributes (22ms)
				AfterProcessingInitializeOnLoad (4ms)
				EditorAssembliesLoaded (0ms)
			ExecutionOrderSort2 (0ms)
			AwakeInstancesAfterBackupRestoration (6ms)
Platform modules already initialized, skipping
========================================================================
Worker process is ready to serve import requests
Launched and connected shader compiler UnityShaderCompiler.exe after 0.04 seconds
Refreshing native plugins compatible for Editor in 0.67 ms, found 3 plugins.
Preloading 0 native plugins for Editor in 0.00 ms.
Unloading 3899 Unused Serialized files (Serialized files now loaded: 0)
Unloading 43 unused Assets / (184.3 KB). Loaded Objects now: 4371.
Memory consumption went from 150.5 MB to 150.3 MB.
Total: 3.565700 ms (FindLiveObjects: 0.509400 ms CreateObjectMapping: 0.131700 ms MarkObjects: 2.804500 ms  DeleteObjects: 0.118900 ms)

AssetImportParameters requested are different than current active one (requested -> active):
  custom:video-decoder-ogg-theora: a1e56fd34408186e4bbccfd4996cb3dc -> 
  custom:container-muxer-webm: aa71ff27fc2769a1b78a27578f13a17b -> 
  custom:container-demuxer-webm: 4f35f7cbe854078d1ac9338744f61a02 -> 
  custom:video-encoder-webm-vp8: eb34c28f22e8b96e1ab97ce403110664 -> 
  custom:audio-encoder-webm-vorbis: bf7c407c2cedff20999df2af8eb42d56 -> 
  custom:framework-win-MediaFoundation: 216162199b28c13a410421893ffa2e32 -> 
  custom:container-demuxer-ogg: 62fdf1f143b41e24485cea50d1cbac27 -> 
  custom:video-decoder-webm-vp8: 9c59270c3fd7afecdb556c50c9e8de78 -> 
  custom:audio-decoder-ogg-vorbis: bf7c407c2cedff20999df2af8eb42d56 -> 
========================================================================
Received Import Request.
  Time since last request: 2426.811712 seconds.
  path: Assets/Samples/Cinemachine/2.8.9/Cinemachine Example Scenes/Shared/Models/UnityCharacter/Animations/Jog.fbx
  artifactKey: Guid(fdc39e3202ebc4d4a8a473fd95fcff55) Importer(815301076,1909f56bfc062723c751e8b465ee728b)
Start importing Assets/Samples/Cinemachine/2.8.9/Cinemachine Example Scenes/Shared/Models/UnityCharacter/Animations/Jog.fbx using Guid(fdc39e3202ebc4d4a8a473fd95fcff55) Importer(815301076,1909f56bfc062723c751e8b465ee728b)  -> (artifact id: '9d31bf88b9379616f8ea6c614c25a98d') in 0.436775 seconds 
========================================================================
Received Import Request.
  Time since last request: 0.000022 seconds.
  path: Assets/Animatons/Strafe/Turning/RapidTurnLeft/m@RapidStrafeRightRapidTurnLeftWalkForwards.fbx
  artifactKey: Guid(23bfa9f13f7b75f45a0771a497cbb48e) Importer(815301076,1909f56bfc062723c751e8b465ee728b)
Start importing Assets/Animatons/Strafe/Turning/RapidTurnLeft/m@RapidStrafeRightRapidTurnLeftWalkForwards.fbx using Guid(23bfa9f13f7b75f45a0771a497cbb48e) Importer(815301076,1909f56bfc062723c751e8b465ee728b)  -> (artifact id: '5b120d233c054730c1820d5aa54c5089') in 0.010298 seconds 
========================================================================
Received Import Request.
  Time since last request: 0.000033 seconds.
  path: Assets/Animatons/Strafe/Turning/RapidTurnRight/m@RapidStrafeRightRapidTurnRightWalkBackwards.fbx
  artifactKey: Guid(21d0ad4413d86ea4ab51f578f587d620) Importer(815301076,1909f56bfc062723c751e8b465ee728b)
Start importing Assets/Animatons/Strafe/Turning/RapidTurnRight/m@RapidStrafeRightRapidTurnRightWalkBackwards.fbx using Guid(21d0ad4413d86ea4ab51f578f587d620) Importer(815301076,1909f56bfc062723c751e8b465ee728b)  -> (artifact id: 'e5d0a356885ffbf2452b18b4baa19cf0') in 0.016538 seconds 
========================================================================
Received Import Request.
  Time since last request: 0.000021 seconds.
  path: Assets/Animatons/Strafe/Turning/RapidTurnRight/m@RapidStrafeRightRapidTurnRight.fbx
  artifactKey: Guid(995b7c41058d6b7498a1e8482416ce1e) Importer(815301076,1909f56bfc062723c751e8b465ee728b)
Start importing Assets/Animatons/Strafe/Turning/RapidTurnRight/m@RapidStrafeRightRapidTurnRight.fbx using Guid(995b7c41058d6b7498a1e8482416ce1e) Importer(815301076,1909f56bfc062723c751e8b465ee728b)  -> (artifact id: 'e30dc5fc4acd44960b90954be90804d5') in 0.010072 seconds 
========================================================================
Received Import Request.
  Time since last request: 0.000022 seconds.
  path: Assets/Animatons/Strafe/Turning/RapidTurnRight/m@RapidStrafeRightRapidTurnRightRunBackwards.fbx
  artifactKey: Guid(65ee4da31ab94144faa60e1dc4321ad8) Importer(815301076,1909f56bfc062723c751e8b465ee728b)
Start importing Assets/Animatons/Strafe/Turning/RapidTurnRight/m@RapidStrafeRightRapidTurnRightRunBackwards.fbx using Guid(65ee4da31ab94144faa60e1dc4321ad8) Importer(815301076,1909f56bfc062723c751e8b465ee728b)  -> (artifact id: 'a66195ccc5d2dfaac2b7df3326f4f31f') in 0.009422 seconds 
========================================================================
Received Import Request.
  Time since last request: 50.438477 seconds.
  path: Assets/Animatons/Strafe/Turning/TurnLeft/m@RapidStrafeRightTurnLeftRunBackwards.fbx
  artifactKey: Guid(edbab77a5b19d0b4e8681ccb1092e963) Importer(815301076,1909f56bfc062723c751e8b465ee728b)
Start importing Assets/Animatons/Strafe/Turning/TurnLeft/m@RapidStrafeRightTurnLeftRunBackwards.fbx using Guid(edbab77a5b19d0b4e8681ccb1092e963) Importer(815301076,1909f56bfc062723c751e8b465ee728b)  -> (artifact id: '0d8030e72a0428ba3c1f3ac115885058') in 0.011591 seconds 
========================================================================
Received Import Request.
  Time since last request: 0.000021 seconds.
  path: Assets/Animatons/Strafe/Turning/TurnLeft/m@RapidStrafeRightTurnLeftWalkForwards.fbx
  artifactKey: Guid(c7fe2358e3f386449983a252620bd133) Importer(815301076,1909f56bfc062723c751e8b465ee728b)
Start importing Assets/Animatons/Strafe/Turning/TurnLeft/m@RapidStrafeRightTurnLeftWalkForwards.fbx using Guid(c7fe2358e3f386449983a252620bd133) Importer(815301076,1909f56bfc062723c751e8b465ee728b)  -> (artifact id: '6b3d5aef452895da95f0e73e2f0f7121') in 0.325498 seconds 
========================================================================
Received Import Request.
  Time since last request: 22.951963 seconds.
  path: Assets/Animatons/Strafe/Turning/TurnRight/m@RapidStrafeRightTurnRightRunBackwards.fbx
  artifactKey: Guid(04067bcdba73342fb86f31e7bf07b553) Importer(815301076,1909f56bfc062723c751e8b465ee728b)
Start importing Assets/Animatons/Strafe/Turning/TurnRight/m@RapidStrafeRightTurnRightRunBackwards.fbx using Guid(04067bcdba73342fb86f31e7bf07b553) Importer(815301076,1909f56bfc062723c751e8b465ee728b)  -> (artifact id: 'da5c0d0f53155bbace9f156ee7f0797f') in 0.033836 seconds 
Editor requested this worker to shutdown with reason: Scaling down because of idle timeout
AssetImportWorker is now disconnected from the server
Process exiting
Exiting without the bug reporter. Application will terminate with return code 0