Using pre-set license
Built from '2021.3/staging' branch; Version is '2021.3.16f1 (4016570cf34f) revision 4200023'; Using compiler version '192829333'; Build Type 'Release'
OS: 'Windows 10  (10.0.19044) 64bit Professional' Language: 'en' Physical Memory: 32716 MB
BatchMode: 1, IsHumanControllingUs: 0, StartBugReporterOnCrash: 0, Is64bit: 1, IsPro: 1

COMMAND LINE ARGUMENTS:
F:\Unity\Unity Editor\2021.3.16f1\Editor\Unity.exe
-adb2
-batchMode
-noUpm
-name
AssetImportWorker3
-projectPath
D:/3rd-Person-Shooter-main
-logFile
Logs/AssetImportWorker3.log
-srvPort
49766
Successfully changed project path to: D:/3rd-Person-Shooter-main
D:/3rd-Person-Shooter-main
[UnityMemory] Configuration Parameters - Can be set up in boot.config
    "memorysetup-bucket-allocator-granularity=16"
    "memorysetup-bucket-allocator-bucket-count=8"
    "memorysetup-bucket-allocator-block-size=33554432"
    "memorysetup-bucket-allocator-block-count=8"
    "memorysetup-main-allocator-block-size=16777216"
    "memorysetup-thread-allocator-block-size=16777216"
    "memorysetup-gfx-main-allocator-block-size=16777216"
    "memorysetup-gfx-thread-allocator-block-size=16777216"
    "memorysetup-cache-allocator-block-size=4194304"
    "memorysetup-typetree-allocator-block-size=2097152"
    "memorysetup-profiler-bucket-allocator-granularity=16"
    "memorysetup-profiler-bucket-allocator-bucket-count=8"
    "memorysetup-profiler-bucket-allocator-block-size=33554432"
    "memorysetup-profiler-bucket-allocator-block-count=8"
    "memorysetup-profiler-allocator-block-size=16777216"
    "memorysetup-profiler-editor-allocator-block-size=1048576"
    "memorysetup-temp-allocator-size-main=16777216"
    "memorysetup-job-temp-allocator-block-size=2097152"
    "memorysetup-job-temp-allocator-block-size-background=1048576"
    "memorysetup-job-temp-allocator-reduction-small-platforms=262144"
    "memorysetup-temp-allocator-size-background-worker=32768"
    "memorysetup-temp-allocator-size-job-worker=262144"
    "memorysetup-temp-allocator-size-preload-manager=33554432"
    "memorysetup-temp-allocator-size-nav-mesh-worker=65536"
    "memorysetup-temp-allocator-size-audio-worker=65536"
    "memorysetup-temp-allocator-size-cloud-worker=32768"
    "memorysetup-temp-allocator-size-gi-baking-worker=262144"
    "memorysetup-temp-allocator-size-gfx=262144"
Player connection [11492] Host "[IP] 192.168.0.207 [Port] 0 [Flags] 2 [Guid] 474877250 [EditorId] 474877250 [Version] 1048832 [Id] WindowsEditor(7,DESKTOP-O4QM1PO) [Debug] 1 [PackageName] WindowsEditor [ProjectName] Editor" joined multi-casting on [225.0.0.222:54997]...

Player connection [11492] Host "[IP] 192.168.0.207 [Port] 0 [Flags] 2 [Guid] 474877250 [EditorId] 474877250 [Version] 1048832 [Id] WindowsEditor(7,DESKTOP-O4QM1PO) [Debug] 1 [PackageName] WindowsEditor [ProjectName] Editor" joined alternative multi-casting on [225.0.0.222:34997]...

Refreshing native plugins compatible for Editor in 93.97 ms, found 3 plugins.
Preloading 0 native plugins for Editor in 0.00 ms.
Initialize engine version: 2021.3.16f1 (4016570cf34f)
[Subsystems] Discovering subsystems at path F:/Unity/Unity Editor/2021.3.16f1/Editor/Data/Resources/UnitySubsystems
[Subsystems] Discovering subsystems at path D:/3rd-Person-Shooter-main/Assets
GfxDevice: creating device client; threaded=0; jobified=0
Direct3D:
    Version:  Direct3D 11.0 [level 11.1]
    Renderer: AMD Radeon RX 5700 XT (ID=0x731f)
    Vendor:   ATI
    VRAM:     8151 MB
    Driver:   31.0.14043.1000
Initialize mono
Mono path[0] = 'F:/Unity/Unity Editor/2021.3.16f1/Editor/Data/Managed'
Mono path[1] = 'F:/Unity/Unity Editor/2021.3.16f1/Editor/Data/MonoBleedingEdge/lib/mono/unityjit-win32'
Mono config path = 'F:/Unity/Unity Editor/2021.3.16f1/Editor/Data/MonoBleedingEdge/etc'
Using monoOptions --debugger-agent=transport=dt_socket,embedding=1,server=y,suspend=n,address=127.0.0.1:56656
Begin MonoManager ReloadAssembly
Registering precompiled unity dll's ...
Register platform support module: F:/Unity/Unity Editor/2021.3.16f1/Editor/Data/PlaybackEngines/WebGLSupport/UnityEditor.WebGL.Extensions.dll
Register platform support module: F:/Unity/Unity Editor/2021.3.16f1/Editor/Data/PlaybackEngines/WindowsStandaloneSupport/UnityEditor.WindowsStandalone.Extensions.dll
Registered in 0.002903 seconds.
Native extension for WindowsStandalone target not found
Native extension for WebGL target not found
Refreshing native plugins compatible for Editor in 91.96 ms, found 3 plugins.
Preloading 0 native plugins for Editor in 0.00 ms.
Mono: successfully reloaded assembly
- Completed reload, in  0.601 seconds
Domain Reload Profiling:
	ReloadAssembly (601ms)
		BeginReloadAssembly (63ms)
			ExecutionOrderSort (0ms)
			DisableScriptedObjects (0ms)
			BackupInstance (0ms)
			ReleaseScriptingObjects (0ms)
			CreateAndSetChildDomain (1ms)
		EndReloadAssembly (448ms)
			LoadAssemblies (62ms)
			RebuildTransferFunctionScriptingTraits (0ms)
			SetupTypeCache (98ms)
			ReleaseScriptCaches (0ms)
			RebuildScriptCaches (30ms)
			SetupLoadedEditorAssemblies (277ms)
				LogAssemblyErrors (0ms)
				InitializePlatformSupportModulesInManaged (8ms)
				SetLoadedEditorAssemblies (0ms)
				RefreshPlugins (92ms)
				BeforeProcessingInitializeOnLoad (1ms)
				ProcessInitializeOnLoadAttributes (129ms)
				ProcessInitializeOnLoadMethodAttributes (47ms)
				AfterProcessingInitializeOnLoad (0ms)
				EditorAssembliesLoaded (0ms)
			ExecutionOrderSort2 (0ms)
			AwakeInstancesAfterBackupRestoration (0ms)
Platform modules already initialized, skipping
Registering precompiled user dll's ...
Registered in 0.004577 seconds.
Begin MonoManager ReloadAssembly
Symbol file LoadedFromMemory doesn't match image D:\3rd-Person-Shooter-main\Library\PackageCache\com.unity.visualscripting@1.7.8\Editor\VisualScripting.Core\Dependencies\YamlDotNet\Unity.VisualScripting.YamlDotNet.dll
Symbol file LoadedFromMemory doesn't match image D:\3rd-Person-Shooter-main\Library\PackageCache\com.unity.visualscripting@1.7.8\Editor\VisualScripting.Core\Dependencies\DotNetZip\Unity.VisualScripting.IonicZip.dll
Native extension for WindowsStandalone target not found
Native extension for WebGL target not found
Refreshing native plugins compatible for Editor in 90.68 ms, found 3 plugins.
Preloading 0 native plugins for Editor in 0.00 ms.
Mono: successfully reloaded assembly
- Completed reload, in  1.129 seconds
Domain Reload Profiling:
	ReloadAssembly (1130ms)
		BeginReloadAssembly (97ms)
			ExecutionOrderSort (0ms)
			DisableScriptedObjects (6ms)
			BackupInstance (0ms)
			ReleaseScriptingObjects (0ms)
			CreateAndSetChildDomain (19ms)
		EndReloadAssembly (938ms)
			LoadAssemblies (71ms)
			RebuildTransferFunctionScriptingTraits (0ms)
			SetupTypeCache (253ms)
			ReleaseScriptCaches (1ms)
			RebuildScriptCaches (62ms)
			SetupLoadedEditorAssemblies (514ms)
				LogAssemblyErrors (0ms)
				InitializePlatformSupportModulesInManaged (5ms)
				SetLoadedEditorAssemblies (0ms)
				RefreshPlugins (91ms)
				BeforeProcessingInitializeOnLoad (85ms)
				ProcessInitializeOnLoadAttributes (312ms)
				ProcessInitializeOnLoadMethodAttributes (19ms)
				AfterProcessingInitializeOnLoad (3ms)
				EditorAssembliesLoaded (0ms)
			ExecutionOrderSort2 (0ms)
			AwakeInstancesAfterBackupRestoration (6ms)
Platform modules already initialized, skipping
========================================================================
Worker process is ready to serve import requests
Launched and connected shader compiler UnityShaderCompiler.exe after 0.04 seconds
Refreshing native plugins compatible for Editor in 0.92 ms, found 3 plugins.
Preloading 0 native plugins for Editor in 0.00 ms.
Unloading 3899 Unused Serialized files (Serialized files now loaded: 0)
Unloading 43 unused Assets / (184.3 KB). Loaded Objects now: 4371.
Memory consumption went from 150.5 MB to 150.3 MB.
Total: 3.551000 ms (FindLiveObjects: 0.370200 ms CreateObjectMapping: 0.102600 ms MarkObjects: 2.944800 ms  DeleteObjects: 0.132400 ms)

AssetImportParameters requested are different than current active one (requested -> active):
  custom:video-decoder-ogg-theora: a1e56fd34408186e4bbccfd4996cb3dc -> 
  custom:container-muxer-webm: aa71ff27fc2769a1b78a27578f13a17b -> 
  custom:container-demuxer-webm: 4f35f7cbe854078d1ac9338744f61a02 -> 
  custom:video-encoder-webm-vp8: eb34c28f22e8b96e1ab97ce403110664 -> 
  custom:audio-encoder-webm-vorbis: bf7c407c2cedff20999df2af8eb42d56 -> 
  custom:framework-win-MediaFoundation: 216162199b28c13a410421893ffa2e32 -> 
  custom:container-demuxer-ogg: 62fdf1f143b41e24485cea50d1cbac27 -> 
  custom:video-decoder-webm-vp8: 9c59270c3fd7afecdb556c50c9e8de78 -> 
  custom:audio-decoder-ogg-vorbis: bf7c407c2cedff20999df2af8eb42d56 -> 
========================================================================
Received Import Request.
  Time since last request: 2426.812177 seconds.
  path: Assets/Animatons/Strafe/Turning/TurnRight/m@RapidStrafeBackwardsTurnRight.fbx
  artifactKey: Guid(a4aa45c3581694e9a8a0695d48b66e3e) Importer(815301076,1909f56bfc062723c751e8b465ee728b)
Start importing Assets/Animatons/Strafe/Turning/TurnRight/m@RapidStrafeBackwardsTurnRight.fbx using Guid(a4aa45c3581694e9a8a0695d48b66e3e) Importer(815301076,1909f56bfc062723c751e8b465ee728b)  -> (artifact id: '2c657cbbe23003dda0f640a86ab71a55') in 0.340265 seconds 
========================================================================
Received Import Request.
  Time since last request: 0.000031 seconds.
  path: Assets/Animatons/Strafe/Turning/RapidTurnRight/m@RapidStrafeRightRapidTurnRightRunForward.fbx
  artifactKey: Guid(2d1702653990b8a4bb8f8abbc439e57c) Importer(815301076,1909f56bfc062723c751e8b465ee728b)
Start importing Assets/Animatons/Strafe/Turning/RapidTurnRight/m@RapidStrafeRightRapidTurnRightRunForward.fbx using Guid(2d1702653990b8a4bb8f8abbc439e57c) Importer(815301076,1909f56bfc062723c751e8b465ee728b)  -> (artifact id: 'f0c6a65e3ac963180ca01f49d9563e0a') in 0.009720 seconds 
========================================================================
Received Import Request.
  Time since last request: 0.000029 seconds.
  path: Assets/Animatons/Strafe/Turning/TurnRight/m@RapidStrafeForwardsTurnRight.fbx
  artifactKey: Guid(519ac74a9a58842de9f11bdf65da77f7) Importer(815301076,1909f56bfc062723c751e8b465ee728b)
Start importing Assets/Animatons/Strafe/Turning/TurnRight/m@RapidStrafeForwardsTurnRight.fbx using Guid(519ac74a9a58842de9f11bdf65da77f7) Importer(815301076,1909f56bfc062723c751e8b465ee728b)  -> (artifact id: '6996adce1c38c2aa173c0e60b5871d71') in 0.010347 seconds 
========================================================================
Received Import Request.
  Time since last request: 0.000027 seconds.
  path: Assets/Animatons/Strafe/Turning/RapidTurnRight/m@RapidStrafeForwardsRapidTurnRight.fbx
  artifactKey: Guid(ef9daf9d97bc94146bbe2a462b106633) Importer(815301076,1909f56bfc062723c751e8b465ee728b)
Start importing Assets/Animatons/Strafe/Turning/RapidTurnRight/m@RapidStrafeForwardsRapidTurnRight.fbx using Guid(ef9daf9d97bc94146bbe2a462b106633) Importer(815301076,1909f56bfc062723c751e8b465ee728b)  -> (artifact id: '34e58dc1badbd8735bdc794be0001617') in 0.010361 seconds 
========================================================================
Received Import Request.
  Time since last request: 0.000021 seconds.
  path: Assets/Animatons/Strafe/Turning/RapidTurnLeft/m@RapidStrafeRightRapidTurnLeftRunBackwards.fbx
  artifactKey: Guid(de9c5d3b2a4b1fa4ebd7d9edb4538c70) Importer(815301076,1909f56bfc062723c751e8b465ee728b)
Start importing Assets/Animatons/Strafe/Turning/RapidTurnLeft/m@RapidStrafeRightRapidTurnLeftRunBackwards.fbx using Guid(de9c5d3b2a4b1fa4ebd7d9edb4538c70) Importer(815301076,1909f56bfc062723c751e8b465ee728b)  -> (artifact id: '5de0aab13562d5301b39417d496bf9d3') in 0.009193 seconds 
========================================================================
Received Import Request.
  Time since last request: 0.000029 seconds.
  path: Assets/Animatons/Strafe/Turning/RapidTurnLeft/m@RapidStrafeRightRapidTurnLeftRunForward.fbx
  artifactKey: Guid(abe59bb881557c140a1ab2de44c90b7a) Importer(815301076,1909f56bfc062723c751e8b465ee728b)
Start importing Assets/Animatons/Strafe/Turning/RapidTurnLeft/m@RapidStrafeRightRapidTurnLeftRunForward.fbx using Guid(abe59bb881557c140a1ab2de44c90b7a) Importer(815301076,1909f56bfc062723c751e8b465ee728b)  -> (artifact id: 'fc7234b4915521d0b4f3dce2569c7abe') in 0.011044 seconds 
========================================================================
Received Import Request.
  Time since last request: 0.000026 seconds.
  path: Assets/Animatons/Strafe/Turning/TurnLeft/m@RapidStrafeForwardsTurnLeft.fbx
  artifactKey: Guid(745b09a2ccfe8594c83d3af61934d84e) Importer(815301076,1909f56bfc062723c751e8b465ee728b)
Start importing Assets/Animatons/Strafe/Turning/TurnLeft/m@RapidStrafeForwardsTurnLeft.fbx using Guid(745b09a2ccfe8594c83d3af61934d84e) Importer(815301076,1909f56bfc062723c751e8b465ee728b)  -> (artifact id: 'fe26f092ff034e50f97ad883f81f6fdc') in 0.009873 seconds 
========================================================================
Received Import Request.
  Time since last request: 0.000019 seconds.
  path: Assets/Animatons/Strafe/Turning/RapidTurnLeft/m@RapidStrafeRightRapidTurnLeft.fbx
  artifactKey: Guid(53437e657b1d03041864b7399295663c) Importer(815301076,1909f56bfc062723c751e8b465ee728b)
Start importing Assets/Animatons/Strafe/Turning/RapidTurnLeft/m@RapidStrafeRightRapidTurnLeft.fbx using Guid(53437e657b1d03041864b7399295663c) Importer(815301076,1909f56bfc062723c751e8b465ee728b)  -> (artifact id: 'd9fea49f469fb33a72f59a736b26e677') in 0.009683 seconds 
========================================================================
Received Import Request.
  Time since last request: 0.000025 seconds.
  path: Assets/Animatons/Strafe/Turning/RapidTurnLeft/m@RapidStrafeForwardsRapidTurnLeft.fbx
  artifactKey: Guid(36caba08c6c75ea4390f34a48ad72ece) Importer(815301076,1909f56bfc062723c751e8b465ee728b)
Start importing Assets/Animatons/Strafe/Turning/RapidTurnLeft/m@RapidStrafeForwardsRapidTurnLeft.fbx using Guid(36caba08c6c75ea4390f34a48ad72ece) Importer(815301076,1909f56bfc062723c751e8b465ee728b)  -> (artifact id: '97049b30d981cca685e76e2d745c47ea') in 0.019001 seconds 
========================================================================
Received Import Request.
  Time since last request: 0.000030 seconds.
  path: Assets/Animatons/Strafe/Turning/RapidTurnRight/m@RapidStrafeRightRapidTurnRightWalkForwards.fbx
  artifactKey: Guid(cc6a5d4355582c34b858cd5b4f6bf8e0) Importer(815301076,1909f56bfc062723c751e8b465ee728b)
Start importing Assets/Animatons/Strafe/Turning/RapidTurnRight/m@RapidStrafeRightRapidTurnRightWalkForwards.fbx using Guid(cc6a5d4355582c34b858cd5b4f6bf8e0) Importer(815301076,1909f56bfc062723c751e8b465ee728b)  -> (artifact id: '946d119ec6c7a420e4c3d36b0aa7d2b8') in 0.010374 seconds 
========================================================================
Received Import Request.
  Time since last request: 0.000023 seconds.
  path: Assets/Animatons/Strafe/Turning/RapidTurnLeft/m@RapidStrafeRightRapidTurnLeftWalkBackwards.fbx
  artifactKey: Guid(4f5942a4f54a3334093ee3d556e5d5ab) Importer(815301076,1909f56bfc062723c751e8b465ee728b)
Start importing Assets/Animatons/Strafe/Turning/RapidTurnLeft/m@RapidStrafeRightRapidTurnLeftWalkBackwards.fbx using Guid(4f5942a4f54a3334093ee3d556e5d5ab) Importer(815301076,1909f56bfc062723c751e8b465ee728b)  -> (artifact id: '6b195e843035a186b12f89f0a919396e') in 0.009767 seconds 
========================================================================
Received Import Request.
  Time since last request: 50.438400 seconds.
  path: Assets/Animatons/Strafe/Turning/TurnLeft/m@RapidStrafeRightTurnLeftRunForwards.fbx
  artifactKey: Guid(e74dec57947bc00479f6f4ffa612cc5a) Importer(815301076,1909f56bfc062723c751e8b465ee728b)
Start importing Assets/Animatons/Strafe/Turning/TurnLeft/m@RapidStrafeRightTurnLeftRunForwards.fbx using Guid(e74dec57947bc00479f6f4ffa612cc5a) Importer(815301076,1909f56bfc062723c751e8b465ee728b)  -> (artifact id: '3dfb802608d4aeaa5d123808e4c6b0cc') in 0.011120 seconds 
========================================================================
Received Import Request.
  Time since last request: 22.958777 seconds.
  path: Assets/Animatons/Strafe/Turning/TurnRight/m@RapidStrafeRightTurnRightRunForwards.fbx
  artifactKey: Guid(3b3305c0291c64fddae071ad96463257) Importer(815301076,1909f56bfc062723c751e8b465ee728b)
Start importing Assets/Animatons/Strafe/Turning/TurnRight/m@RapidStrafeRightTurnRightRunForwards.fbx using Guid(3b3305c0291c64fddae071ad96463257) Importer(815301076,1909f56bfc062723c751e8b465ee728b)  -> (artifact id: 'f3808c8425df69a8d665144dfa7ff2f6') in 0.033132 seconds 
========================================================================
Received Import Request.
  Time since last request: 353.544120 seconds.
  path: Assets/Animatons/Strafe/Turning/RapidTurnLeft/m@StrafeRapidTurningLeft.fbx
  artifactKey: Guid(69b9e096b51629541acd1ff66b9b736d) Importer(815301076,1909f56bfc062723c751e8b465ee728b)
Start importing Assets/Animatons/Strafe/Turning/RapidTurnLeft/m@StrafeRapidTurningLeft.fbx using Guid(69b9e096b51629541acd1ff66b9b736d) Importer(815301076,1909f56bfc062723c751e8b465ee728b)  -> (artifact id: 'b93e5f2f81dd768b3d8b0a9e66cd4e96') in 0.020314 seconds 
========================================================================
Received Import Request.
  Time since last request: 0.000026 seconds.
  path: Assets/Animatons/Strafe/Turning/RapidTurnLeft/m@StrafeRightRapidTurnLeftRunForwards.fbx
  artifactKey: Guid(644d2cc65d49bd0418fe75ad9c467caf) Importer(815301076,1909f56bfc062723c751e8b465ee728b)
Start importing Assets/Animatons/Strafe/Turning/RapidTurnLeft/m@StrafeRightRapidTurnLeftRunForwards.fbx using Guid(644d2cc65d49bd0418fe75ad9c467caf) Importer(815301076,1909f56bfc062723c751e8b465ee728b)  -> (artifact id: 'e2b39c2f077e809aa1718f09c9479a44') in 0.010451 seconds 
========================================================================
Received Import Request.
  Time since last request: 0.000025 seconds.
  path: Assets/Animatons/Strafe/Turning/RapidTurnLeft/m@StrafeRightRapidTurnLeftRunBackwards.fbx
  artifactKey: Guid(35717546fd596e44e97bf3d23a8170ac) Importer(815301076,1909f56bfc062723c751e8b465ee728b)
Start importing Assets/Animatons/Strafe/Turning/RapidTurnLeft/m@StrafeRightRapidTurnLeftRunBackwards.fbx using Guid(35717546fd596e44e97bf3d23a8170ac) Importer(815301076,1909f56bfc062723c751e8b465ee728b)  -> (artifact id: 'e0562d3904fe454e755bc3a57d017352') in 0.011904 seconds 
Editor requested this worker to shutdown with reason: Scaling down because of idle timeout
AssetImportWorker is now disconnected from the server
Process exiting
Exiting without the bug reporter. Application will terminate with return code 0