Using pre-set license
Built from '2021.3/staging' branch; Version is '2021.3.16f1 (4016570cf34f) revision 4200023'; Using compiler version '192829333'; Build Type 'Release'
OS: 'Windows 10  (10.0.19044) 64bit Professional' Language: 'en' Physical Memory: 32716 MB
BatchMode: 1, IsHumanControllingUs: 0, StartBugReporterOnCrash: 0, Is64bit: 1, IsPro: 1

COMMAND LINE ARGUMENTS:
F:\Unity\Unity Editor\2021.3.16f1\Editor\Unity.exe
-adb2
-batchMode
-noUpm
-name
AssetImportWorker4
-projectPath
D:/3rd-Person-Shooter-main
-logFile
Logs/AssetImportWorker4.log
-srvPort
49766
Successfully changed project path to: D:/3rd-Person-Shooter-main
D:/3rd-Person-Shooter-main
[UnityMemory] Configuration Parameters - Can be set up in boot.config
    "memorysetup-bucket-allocator-granularity=16"
    "memorysetup-bucket-allocator-bucket-count=8"
    "memorysetup-bucket-allocator-block-size=33554432"
    "memorysetup-bucket-allocator-block-count=8"
    "memorysetup-main-allocator-block-size=16777216"
    "memorysetup-thread-allocator-block-size=16777216"
    "memorysetup-gfx-main-allocator-block-size=16777216"
    "memorysetup-gfx-thread-allocator-block-size=16777216"
    "memorysetup-cache-allocator-block-size=4194304"
    "memorysetup-typetree-allocator-block-size=2097152"
    "memorysetup-profiler-bucket-allocator-granularity=16"
    "memorysetup-profiler-bucket-allocator-bucket-count=8"
    "memorysetup-profiler-bucket-allocator-block-size=33554432"
    "memorysetup-profiler-bucket-allocator-block-count=8"
    "memorysetup-profiler-allocator-block-size=16777216"
    "memorysetup-profiler-editor-allocator-block-size=1048576"
    "memorysetup-temp-allocator-size-main=16777216"
    "memorysetup-job-temp-allocator-block-size=2097152"
    "memorysetup-job-temp-allocator-block-size-background=1048576"
    "memorysetup-job-temp-allocator-reduction-small-platforms=262144"
    "memorysetup-temp-allocator-size-background-worker=32768"
    "memorysetup-temp-allocator-size-job-worker=262144"
    "memorysetup-temp-allocator-size-preload-manager=33554432"
    "memorysetup-temp-allocator-size-nav-mesh-worker=65536"
    "memorysetup-temp-allocator-size-audio-worker=65536"
    "memorysetup-temp-allocator-size-cloud-worker=32768"
    "memorysetup-temp-allocator-size-gi-baking-worker=262144"
    "memorysetup-temp-allocator-size-gfx=262144"
Player connection [10472] Host "[IP] 192.168.0.207 [Port] 0 [Flags] 2 [Guid] 4291651291 [EditorId] 4291651291 [Version] 1048832 [Id] WindowsEditor(7,DESKTOP-O4QM1PO) [Debug] 1 [PackageName] WindowsEditor [ProjectName] Editor" joined multi-casting on [225.0.0.222:54997]...

Player connection [10472] Host "[IP] 192.168.0.207 [Port] 0 [Flags] 2 [Guid] 4291651291 [EditorId] 4291651291 [Version] 1048832 [Id] WindowsEditor(7,DESKTOP-O4QM1PO) [Debug] 1 [PackageName] WindowsEditor [ProjectName] Editor" joined alternative multi-casting on [225.0.0.222:34997]...

Refreshing native plugins compatible for Editor in 111.26 ms, found 3 plugins.
Preloading 0 native plugins for Editor in 0.00 ms.
Initialize engine version: 2021.3.16f1 (4016570cf34f)
[Subsystems] Discovering subsystems at path F:/Unity/Unity Editor/2021.3.16f1/Editor/Data/Resources/UnitySubsystems
[Subsystems] Discovering subsystems at path D:/3rd-Person-Shooter-main/Assets
GfxDevice: creating device client; threaded=0; jobified=0
Direct3D:
    Version:  Direct3D 11.0 [level 11.1]
    Renderer: AMD Radeon RX 5700 XT (ID=0x731f)
    Vendor:   ATI
    VRAM:     8151 MB
    Driver:   31.0.14043.1000
Initialize mono
Mono path[0] = 'F:/Unity/Unity Editor/2021.3.16f1/Editor/Data/Managed'
Mono path[1] = 'F:/Unity/Unity Editor/2021.3.16f1/Editor/Data/MonoBleedingEdge/lib/mono/unityjit-win32'
Mono config path = 'F:/Unity/Unity Editor/2021.3.16f1/Editor/Data/MonoBleedingEdge/etc'
Using monoOptions --debugger-agent=transport=dt_socket,embedding=1,server=y,suspend=n,address=127.0.0.1:56924
Begin MonoManager ReloadAssembly
Registering precompiled unity dll's ...
Register platform support module: F:/Unity/Unity Editor/2021.3.16f1/Editor/Data/PlaybackEngines/WebGLSupport/UnityEditor.WebGL.Extensions.dll
Register platform support module: F:/Unity/Unity Editor/2021.3.16f1/Editor/Data/PlaybackEngines/WindowsStandaloneSupport/UnityEditor.WindowsStandalone.Extensions.dll
Registered in 0.003735 seconds.
Native extension for WindowsStandalone target not found
Native extension for WebGL target not found
Refreshing native plugins compatible for Editor in 95.48 ms, found 3 plugins.
Preloading 0 native plugins for Editor in 0.00 ms.
Mono: successfully reloaded assembly
- Completed reload, in  0.652 seconds
Domain Reload Profiling:
	ReloadAssembly (653ms)
		BeginReloadAssembly (67ms)
			ExecutionOrderSort (0ms)
			DisableScriptedObjects (0ms)
			BackupInstance (0ms)
			ReleaseScriptingObjects (0ms)
			CreateAndSetChildDomain (1ms)
		EndReloadAssembly (483ms)
			LoadAssemblies (65ms)
			RebuildTransferFunctionScriptingTraits (0ms)
			SetupTypeCache (112ms)
			ReleaseScriptCaches (0ms)
			RebuildScriptCaches (30ms)
			SetupLoadedEditorAssemblies (294ms)
				LogAssemblyErrors (0ms)
				InitializePlatformSupportModulesInManaged (8ms)
				SetLoadedEditorAssemblies (0ms)
				RefreshPlugins (96ms)
				BeforeProcessingInitializeOnLoad (1ms)
				ProcessInitializeOnLoadAttributes (137ms)
				ProcessInitializeOnLoadMethodAttributes (51ms)
				AfterProcessingInitializeOnLoad (0ms)
				EditorAssembliesLoaded (0ms)
			ExecutionOrderSort2 (0ms)
			AwakeInstancesAfterBackupRestoration (0ms)
Platform modules already initialized, skipping
Registering precompiled user dll's ...
Registered in 0.003711 seconds.
Begin MonoManager ReloadAssembly
Symbol file LoadedFromMemory doesn't match image D:\3rd-Person-Shooter-main\Library\PackageCache\com.unity.visualscripting@1.7.8\Editor\VisualScripting.Core\Dependencies\YamlDotNet\Unity.VisualScripting.YamlDotNet.dll
Symbol file LoadedFromMemory doesn't match image D:\3rd-Person-Shooter-main\Library\PackageCache\com.unity.visualscripting@1.7.8\Editor\VisualScripting.Core\Dependencies\DotNetZip\Unity.VisualScripting.IonicZip.dll
Native extension for WindowsStandalone target not found
Native extension for WebGL target not found
Refreshing native plugins compatible for Editor in 96.42 ms, found 3 plugins.
Preloading 0 native plugins for Editor in 0.00 ms.
Mono: successfully reloaded assembly
- Completed reload, in  1.168 seconds
Domain Reload Profiling:
	ReloadAssembly (1168ms)
		BeginReloadAssembly (100ms)
			ExecutionOrderSort (0ms)
			DisableScriptedObjects (6ms)
			BackupInstance (0ms)
			ReleaseScriptingObjects (0ms)
			CreateAndSetChildDomain (20ms)
		EndReloadAssembly (973ms)
			LoadAssemblies (72ms)
			RebuildTransferFunctionScriptingTraits (0ms)
			SetupTypeCache (270ms)
			ReleaseScriptCaches (1ms)
			RebuildScriptCaches (61ms)
			SetupLoadedEditorAssemblies (527ms)
				LogAssemblyErrors (0ms)
				InitializePlatformSupportModulesInManaged (5ms)
				SetLoadedEditorAssemblies (0ms)
				RefreshPlugins (97ms)
				BeforeProcessingInitializeOnLoad (86ms)
				ProcessInitializeOnLoadAttributes (318ms)
				ProcessInitializeOnLoadMethodAttributes (20ms)
				AfterProcessingInitializeOnLoad (3ms)
				EditorAssembliesLoaded (0ms)
			ExecutionOrderSort2 (0ms)
			AwakeInstancesAfterBackupRestoration (5ms)
Platform modules already initialized, skipping
========================================================================
Worker process is ready to serve import requests
Launched and connected shader compiler UnityShaderCompiler.exe after 0.04 seconds
Refreshing native plugins compatible for Editor in 1.04 ms, found 3 plugins.
Preloading 0 native plugins for Editor in 0.00 ms.
Unloading 3899 Unused Serialized files (Serialized files now loaded: 0)
Unloading 43 unused Assets / (184.3 KB). Loaded Objects now: 4371.
Memory consumption went from 150.5 MB to 150.4 MB.
Total: 3.365900 ms (FindLiveObjects: 0.363200 ms CreateObjectMapping: 0.100800 ms MarkObjects: 2.776400 ms  DeleteObjects: 0.124500 ms)

AssetImportParameters requested are different than current active one (requested -> active):
  custom:video-decoder-ogg-theora: a1e56fd34408186e4bbccfd4996cb3dc -> 
  custom:container-muxer-webm: aa71ff27fc2769a1b78a27578f13a17b -> 
  custom:container-demuxer-webm: 4f35f7cbe854078d1ac9338744f61a02 -> 
  custom:video-encoder-webm-vp8: eb34c28f22e8b96e1ab97ce403110664 -> 
  custom:audio-encoder-webm-vorbis: bf7c407c2cedff20999df2af8eb42d56 -> 
  custom:framework-win-MediaFoundation: 216162199b28c13a410421893ffa2e32 -> 
  custom:container-demuxer-ogg: 62fdf1f143b41e24485cea50d1cbac27 -> 
  custom:video-decoder-webm-vp8: 9c59270c3fd7afecdb556c50c9e8de78 -> 
  custom:audio-decoder-ogg-vorbis: bf7c407c2cedff20999df2af8eb42d56 -> 
========================================================================
Received Import Request.
  Time since last request: 2477.782107 seconds.
  path: Assets/Animatons/Strafe/Turning/TurnLeft/m@RapidStrafeRightTurnLeft.fbx
  artifactKey: Guid(0505d941083241e43bd8550b00a6e901) Importer(815301076,1909f56bfc062723c751e8b465ee728b)
Start importing Assets/Animatons/Strafe/Turning/TurnLeft/m@RapidStrafeRightTurnLeft.fbx using Guid(0505d941083241e43bd8550b00a6e901) Importer(815301076,1909f56bfc062723c751e8b465ee728b)  -> (artifact id: '2f354e3c8f78496fc640bda4d40a83cc') in 0.342188 seconds 
========================================================================
Received Import Request.
  Time since last request: 22.951684 seconds.
  path: Assets/Animatons/Strafe/Turning/TurnRight/m@RapidStrafeRightTurnRight.fbx
  artifactKey: Guid(5250e36abf0764761b744d36ea8af930) Importer(815301076,1909f56bfc062723c751e8b465ee728b)
Start importing Assets/Animatons/Strafe/Turning/TurnRight/m@RapidStrafeRightTurnRight.fbx using Guid(5250e36abf0764761b744d36ea8af930) Importer(815301076,1909f56bfc062723c751e8b465ee728b)  -> (artifact id: '24c581257a3b31cb44ec30385ba3b57f') in 0.034174 seconds 
========================================================================
Received Import Request.
  Time since last request: 187.985580 seconds.
  path: Assets/Animatons/Strafe/Turning/TurnRight/m@RapidStrafeRightTurnRightWalkForward.fbx
  artifactKey: Guid(ebb8d7214cb3148f4b2d3a66ea3fc7c3) Importer(815301076,1909f56bfc062723c751e8b465ee728b)
Start importing Assets/Animatons/Strafe/Turning/TurnRight/m@RapidStrafeRightTurnRightWalkForward.fbx using Guid(ebb8d7214cb3148f4b2d3a66ea3fc7c3) Importer(815301076,1909f56bfc062723c751e8b465ee728b)  -> (artifact id: '599294a064fd9696f85bf94f1181fa84') in 0.009051 seconds 
========================================================================
Received Import Request.
  Time since last request: 161.213812 seconds.
  path: Assets/Animatons/Strafe/Turning
  artifactKey: Guid(db8e00e2a8d124a7f86fbd7cf3f22f35) Importer(815301076,1909f56bfc062723c751e8b465ee728b)
Start importing Assets/Animatons/Strafe/Turning using Guid(db8e00e2a8d124a7f86fbd7cf3f22f35) Importer(815301076,1909f56bfc062723c751e8b465ee728b)  -> (artifact id: 'd40404bad9700b150e330dfa91ca5e45') in 0.368538 seconds 
========================================================================
Received Import Request.
  Time since last request: 2.814359 seconds.
  path: Assets/Animatons/Strafe/Turning/RapidTurnRight
  artifactKey: Guid(d12fbd8ec41cfa24294075f547b36be7) Importer(815301076,1909f56bfc062723c751e8b465ee728b)
Start importing Assets/Animatons/Strafe/Turning/RapidTurnRight using Guid(d12fbd8ec41cfa24294075f547b36be7) Importer(815301076,1909f56bfc062723c751e8b465ee728b)  -> (artifact id: '06270cf89bfd2b95ea4d2c8c7b8150b7') in 0.006042 seconds 
========================================================================
Received Import Request.
  Time since last request: 1.031486 seconds.
  path: Assets/Animatons/Strafe/Turning/RapidTurnLeft
  artifactKey: Guid(de0fd8cadc9b4cc4f829400750bd67d4) Importer(815301076,1909f56bfc062723c751e8b465ee728b)
Start importing Assets/Animatons/Strafe/Turning/RapidTurnLeft using Guid(de0fd8cadc9b4cc4f829400750bd67d4) Importer(815301076,1909f56bfc062723c751e8b465ee728b)  -> (artifact id: '7649a7ee4f8ad98fe1890bd925ba3138') in 0.005486 seconds 
========================================================================
Received Import Request.
  Time since last request: 0.066999 seconds.
  path: Assets/Animatons/Strafe/Turning/RapidTurnLeft/m@StrafeForwardsRapidTurnLeft.fbx
  artifactKey: Guid(95b1def298872e44ba7daf174e01b5ab) Importer(815301076,1909f56bfc062723c751e8b465ee728b)
Start importing Assets/Animatons/Strafe/Turning/RapidTurnLeft/m@StrafeForwardsRapidTurnLeft.fbx using Guid(95b1def298872e44ba7daf174e01b5ab) Importer(815301076,1909f56bfc062723c751e8b465ee728b)  -> (artifact id: '3014ed8f07a58a690a50ec40b398cff4') in 0.015853 seconds 
========================================================================
Received Import Request.
  Time since last request: 0.002880 seconds.
  path: Assets/Animatons/Strafe/Turning/RapidTurnLeft/m@StrafeRightRapidTurnLeftWalkBackwards.fbx
  artifactKey: Guid(f23bd8748642d954ebab3d16623220bb) Importer(815301076,1909f56bfc062723c751e8b465ee728b)
Start importing Assets/Animatons/Strafe/Turning/RapidTurnLeft/m@StrafeRightRapidTurnLeftWalkBackwards.fbx using Guid(f23bd8748642d954ebab3d16623220bb) Importer(815301076,1909f56bfc062723c751e8b465ee728b)  -> (artifact id: '086e368f4a5c41e5a29fb16e7a1393f6') in 0.010191 seconds 
========================================================================
Received Import Request.
  Time since last request: 0.000023 seconds.
  path: Assets/Animatons/Strafe/Turning/RapidTurnLeft/m@StrafeRightRapidTurnLeft.fbx
  artifactKey: Guid(91e73eb357e250d46b57b1d3d431a4dc) Importer(815301076,1909f56bfc062723c751e8b465ee728b)
Start importing Assets/Animatons/Strafe/Turning/RapidTurnLeft/m@StrafeRightRapidTurnLeft.fbx using Guid(91e73eb357e250d46b57b1d3d431a4dc) Importer(815301076,1909f56bfc062723c751e8b465ee728b)  -> (artifact id: '2dd8ea99a01313b1689b0c2bf1e7761c') in 0.011201 seconds 
========================================================================
Received Import Request.
  Time since last request: 0.000023 seconds.
  path: Assets/Animatons/Strafe/Turning/RapidTurnLeft/m@StrafeRightRapidTurnLeftWalkForwards.fbx
  artifactKey: Guid(1df8cd03bd2ea2243be34784490d1d4a) Importer(815301076,1909f56bfc062723c751e8b465ee728b)
Start importing Assets/Animatons/Strafe/Turning/RapidTurnLeft/m@StrafeRightRapidTurnLeftWalkForwards.fbx using Guid(1df8cd03bd2ea2243be34784490d1d4a) Importer(815301076,1909f56bfc062723c751e8b465ee728b)  -> (artifact id: '5712f4898aa7ebd3f033b9c145fcf8ff') in 0.009385 seconds 
Editor requested this worker to shutdown with reason: Scaling down because of idle timeout
AssetImportWorker is now disconnected from the server
Process exiting
Exiting without the bug reporter. Application will terminate with return code 0